[debug] [2024-09-11T16:57:28.632Z] ----------------------------------------------------------------------
[debug] [2024-09-11T16:57:28.634Z] Command:       C:\Users\user\DOWNLO~1\firebase-tools-instant-win.exe C:\Users\user\.cache\firebase\tools\lib\node_modules\firebase-tools\lib\bin\firebase init hosting
[debug] [2024-09-11T16:57:28.634Z] CLI Version:   13.16.0
[debug] [2024-09-11T16:57:28.634Z] Platform:      win32
[debug] [2024-09-11T16:57:28.634Z] Node Version:  v18.5.0
[debug] [2024-09-11T16:57:28.635Z] Time:          Wed Sep 11 2024 21:27:28 GMT+0430 (Iran Daylight Time)
[debug] [2024-09-11T16:57:28.635Z] ----------------------------------------------------------------------
[debug] 
[debug] [2024-09-11T16:57:28.681Z] > command requires scopes: ["email","openid","https://www.googleapis.com/auth/cloudplatformprojects.readonly","https://www.googleapis.com/auth/firebase","https://www.googleapis.com/auth/cloud-platform"]
[debug] [2024-09-11T16:57:28.682Z] > authorizing via signed-in user (artificial.intelligence.develop@gmail.com)
[info] 
     ######## #### ########  ######## ########     ###     ######  ########
     ##        ##  ##     ## ##       ##     ##  ##   ##  ##       ##
     ######    ##  ########  ######   ########  #########  ######  ######
     ##        ##  ##    ##  ##       ##     ## ##     ##       ## ##
     ##       #### ##     ## ######## ########  ##     ##  ######  ########

You're about to initialize a Firebase project in this directory:

  C:\PersonalData\Sources\Personal\weather-landing

Before we get started, keep in mind:

  * You are currently outside your home directory
  * You are initializing within an existing Firebase project directory

[info] 
=== Project Setup
[info] 
[info] First, let's associate this project directory with a Firebase project.
[info] You can create multiple project aliases by running firebase use --add, 
[info] but for now we'll just set up a default project.
[info] 
[debug] [2024-09-11T16:57:29.800Z] Using project from CLI flag: weather-test-86064
[debug] [2024-09-11T16:57:29.803Z] >>> [apiv2][query] GET https://firebase.googleapis.com/v1beta1/projects/weather-test-86064 [none]
[debug] [2024-09-11T16:57:30.386Z] <<< [apiv2][status] GET https://firebase.googleapis.com/v1beta1/projects/weather-test-86064 200
[debug] [2024-09-11T16:57:30.386Z] <<< [apiv2][body] GET https://firebase.googleapis.com/v1beta1/projects/weather-test-86064 {"projectId":"weather-test-86064","projectNumber":"501333426279","displayName":"weather-test","name":"projects/weather-test-86064","resources":{"hostingSite":"weather-test-86064"},"state":"ACTIVE","etag":"1_b9213916-e06e-4319-beb9-52cc6f4b9380"}
[info] i  Using project weather-test-86064 (weather-test) 
[info] 
=== Hosting Setup
[debug] [2024-09-11T16:57:30.393Z] >>> [apiv2][query] GET https://firebase.googleapis.com/v1beta1/projects/weather-test-86064 [none]
[debug] [2024-09-11T16:57:30.971Z] <<< [apiv2][status] GET https://firebase.googleapis.com/v1beta1/projects/weather-test-86064 200
[debug] [2024-09-11T16:57:30.972Z] <<< [apiv2][body] GET https://firebase.googleapis.com/v1beta1/projects/weather-test-86064 {"projectId":"weather-test-86064","projectNumber":"501333426279","displayName":"weather-test","name":"projects/weather-test-86064","resources":{"hostingSite":"weather-test-86064"},"state":"ACTIVE","etag":"1_b9213916-e06e-4319-beb9-52cc6f4b9380"}
[info] 
[info] Your public directory is the folder (relative to your project directory) that
[info] will contain Hosting assets to be uploaded with firebase deploy. If you
[info] have a build process for your assets, use your build's output directory.
[info] 
